<?xml version="1.0" encoding="UTF-8"?>
<testng-results skipped="0" failed="0" ignored="0" total="1" passed="1">
  <reporter-output>
  </reporter-output>
  <suite name="com.jbk.A_Test" duration-ms="39645" started-at="2020-10-22T02:58:17Z" finished-at="2020-10-22T02:58:57Z">
    <groups>
    </groups>
    <test name="Command line test" duration-ms="39645" started-at="2020-10-22T02:58:17Z" finished-at="2020-10-22T02:58:57Z">
      <class name="com.jbk.A_Test">
        <test-method status="PASS" signature="test01()[pri:0, instance:com.jbk.A_Test@30c7da1e]" name="test01" duration-ms="39576" started-at="2020-10-22T02:58:17Z" finished-at="2020-10-22T02:58:57Z">
          <reporter-output>
          </reporter-output>
        </test-method> <!-- test01 -->
      </class> <!-- com.jbk.A_Test -->
    </test> <!-- Command line test -->
  </suite> <!-- com.jbk.A_Test -->
</testng-results>
